nohup: ignoring input
127.0.0.1 - - [01/Nov/2025 06:44:58] "POST /interpretar HTTP/1.1" 200 -
127.0.0.1 - - [01/Nov/2025 06:45:08] "POST /interpretar HTTP/1.1" 200 -
127.0.0.1 - - [01/Nov/2025 06:45:18] "POST /interpretar HTTP/1.1" 200 -
127.0.0.1 - - [01/Nov/2025 06:45:46] "POST /interpretar HTTP/1.1" 200 -
127.0.0.1 - - [01/Nov/2025 06:46:13] "OPTIONS /interpretar HTTP/1.1" 200 -
127.0.0.1 - - [01/Nov/2025 06:46:14] "POST /interpretar HTTP/1.1" 200 -
127.0.0.1 - - [01/Nov/2025 06:47:00] "OPTIONS /interpretar HTTP/1.1" 200 -
Serving HTTP on 127.0.0.1:8000 ...
AVISO: Nó ConditionNode não tem visitor específico
[TAC] Generated length=346
AVISO: Nó ConditionNode não tem visitor específico
[TAC] Generated length=409
AVISO: Nó ConditionNode não tem visitor específico
[TAC] Generated length=341
AVISO: Nó ConditionNode não tem visitor específico
[TAC] Generated length=408
AVISO: Nó ConditionNode não tem visitor específico
AVISO: Nó ConditionNode não tem visitor específico
AVISO: Nó ConditionNode não tem visitor específico
AVISO: Nó ConditionNode não tem visitor específico
AVISO: Nó ConditionNode não tem visitor específico
AVISO: Nó AttributeAssignmentNode não tem visitor específico
AVISO: Nó AttributeAssignmentNode não tem visitor específico
AVISO: Nó ConditionNode não tem visitor específico
AVISO: Nó ObjectAttributeArrayAssignmentNode não tem visitor específico
AVISO: Nó AttributeAssignmentNode não tem visitor específico
AVISO: Nó ConditionNode não tem visitor específico
AVISO: Nó ArrayAccessWithObjectNode não tem visitor específico
AVISO: Nó ConditionNode não tem visitor específico
AVISO: Nó ArrayAccessWithObjectNode não tem visitor específico
AVISO: Nó ConditionNode não tem visitor específico
AVISO: Nó ArrayAccessWithObjectNode não tem visitor específico
AVISO: Nó AttributeAssignmentNode não tem visitor específico
AVISO: Nó ArrayAccessWithObjectNode não tem visitor específico
AVISO: Nó ObjectAttributeArrayAssignmentNode não tem visitor específico
AVISO: Nó AttributeAssignmentNode não tem visitor específico
AVISO: Nó AttributeAssignmentNode não tem visitor específico
AVISO: Nó ConditionNode não tem visitor específico
AVISO: Nó ObjectAttributeArrayAssignmentNode não tem visitor específico
AVISO: Nó ArrayElementMethodCallNode não tem visitor específico
AVISO: Nó ObjectAttributeArrayAssignmentNode não tem visitor específico
AVISO: Nó ArrayElementMethodCallNode não tem visitor específico
AVISO: Nó ArrayElementMethodCallNode não tem visitor específico
AVISO: Nó ArrayElementMethodCallNode não tem visitor específico
AVISO: Nó ArrayElementMethodCallNode não tem visitor específico
AVISO: Nó ArrayElementMethodCallNode não tem visitor específico
AVISO: Nó ArrayElementMethodCallNode não tem visitor específico
AVISO: Nó ArrayElementMethodCallNode não tem visitor específico
AVISO: Nó ArrayElementMethodCallNode não tem visitor específico
AVISO: Nó ArrayElementMethodCallNode não tem visitor específico
AVISO: Nó ArrayElementMethodCallNode não tem visitor específico
AVISO: Nó ArrayElementMethodCallNode não tem visitor específico
AVISO: Nó ArrayElementMethodCallNode não tem visitor específico
AVISO: Nó ArrayElementMethodCallNode não tem visitor específico
AVISO: Nó ArrayElementMethodCallNode não tem visitor específico
AVISO: Nó ArrayElementMethodCallNode não tem visitor específico
AVISO: Nó ArrayElementMethodCallNode não tem visitor específico
AVISO: Nó ArrayElementMethodCallNode não tem visitor específico
AVISO: Nó ArrayElementMethodCallNode não tem visitor específico
AVISO: Nó ArrayElementMethodCallNode não tem visitor específico
AVISO: Nó ArrayElementMethodCallNode não tem visitor específico
AVISO: Nó ArrayElementMethodCallNode não tem visitor específico
AVISO: Nó ArrayElementMethodCallNode não tem visitor específico
AVISO: Nó ArrayElementMethodCallNode não tem visitor específico
AVISO: Nó ArrayElementMethodCallNode não tem visitor específico
AVISO: Nó ArrayElementMethodCallNode não tem visitor específico
AVISO: Nó ArrayElementMethodCallNode não tem visitor específico
AVISO: Nó ArrayElementMethodCallNode não tem visitor específico
AVISO: Nó ArrayElementMethodCallNode não tem visitor específico
AVISO: Nó ArrayElementMethodCallNode não tem visitor específico
AVISO: Nó ArrayElementMethodCallNode não tem visitor específico
AVISO: Nó ArrayElementMethodCallNode não tem visitor específico
AVISO: Nó ArrayElementMethodCallNode não tem visitor específico
AVISO: Nó ArrayElementMethodCallNode não tem visitor específico
AVISO: Nó ArrayElementMethodCallNode não tem visitor específico
AVISO: Nó ArrayElementMethodCallNode não tem visitor específico
AVISO: Nó ArrayElementMethodCallNode não tem visitor específico
AVISO: Nó ArrayElementMethodCallNode não tem visitor específico
AVISO: Nó ArrayElementMethodCallNode não tem visitor específico
AVISO: Nó ArrayElementMethodCallNode não tem visitor específico
AVISO: Nó ConditionNode não tem visitor específico
AVISO: Nó ConditionNode não tem visitor específico
AVISO: Nó ConditionNode não tem visitor específico
AVISO: Nó NewExpressionNode não tem visitor específico
AVISO: Nó ArrayElementMethodCallNode não tem visitor específico
AVISO: Nó ArrayElementMethodCallNode não tem visitor específico
AVISO: Nó ArrayElementMethodCallNode não tem visitor específico
AVISO: Nó ArrayElementMethodCallNode não tem visitor específico
AVISO: Nó ArrayElementMethodCallNode não tem visitor específico
AVISO: Nó ArrayElementMethodCallNode não tem visitor específico
[TAC] Generated length=7587
AVISO: Nó ConditionNode não tem visitor específico
AVISO: Nó ConditionNode não tem visitor específico
AVISO: Nó ConditionNode não tem visitor específico
AVISO: Nó ConditionNode não tem visitor específico
AVISO: Nó ConditionNode não tem visitor específico
AVISO: Nó AttributeAssignmentNode não tem visitor específico
AVISO: Nó AttributeAssignmentNode não tem visitor específico
AVISO: Nó ConditionNode não tem visitor específico
AVISO: Nó ObjectAttributeArrayAssignmentNode não tem visitor específico
AVISO: Nó AttributeAssignmentNode não tem visitor específico
AVISO: Nó ConditionNode não tem visitor específico
AVISO: Nó ArrayAccessWithObjectNode não tem visitor específico
AVISO: Nó ConditionNode não tem visitor específico
AVISO: Nó ArrayAccessWithObjectNode não tem visitor específico
AVISO: Nó ConditionNode não tem visitor específico
AVISO: Nó ArrayAccessWithObjectNode não tem visitor específico
AVISO: Nó AttributeAssignmentNode não tem visitor específico
AVISO: Nó ArrayAccessWithObjectNode não tem visitor específico
AVISO: Nó ObjectAttributeArrayAssignmentNode não tem visitor específico
AVISO: Nó AttributeAssignmentNode não tem visitor específico
AVISO: Nó AttributeAssignmentNode não tem visitor específico
AVISO: Nó ConditionNode não tem visitor específico
AVISO: Nó ObjectAttributeArrayAssignmentNode não tem visitor específico
AVISO: Nó ArrayElementMethodCallNode não tem visitor específico
AVISO: Nó ObjectAttributeArrayAssignmentNode não tem visitor específico
AVISO: Nó ArrayElementMethodCallNode não tem visitor específico
AVISO: Nó ArrayElementMethodCallNode não tem visitor específico
AVISO: Nó ArrayElementMethodCallNode não tem visitor específico
AVISO: Nó ArrayElementMethodCallNode não tem visitor específico
AVISO: Nó ArrayElementMethodCallNode não tem visitor específico
AVISO: Nó ArrayElementMethodCallNode não tem visitor específico
AVISO: Nó ArrayElementMethodCallNode não tem visitor específico
AVISO: Nó ArrayElementMethodCallNode não tem visitor específico
AVISO: Nó ArrayElementMethodCallNode não tem visitor específico
AVISO: Nó ArrayElementMethodCallNode não tem visitor específico
AVISO: Nó ArrayElementMethodCallNode não tem visitor específico
AVISO: Nó ArrayElementMethodCallNode não tem visitor específico
AVISO: Nó ArrayElementMethodCallNode não tem visitor específico
AVISO: Nó ArrayElementMethodCallNode não tem visitor específico
AVISO: Nó ArrayElementMethodCallNode não tem visitor específico
AVISO: Nó ArrayElementMethodCallNode não tem visitor específico
AVISO: Nó ArrayElementMethodCallNode não tem visitor específico
AVISO: Nó ArrayElementMethodCallNode não tem visitor específico
AVISO: Nó ArrayElementMethodCallNode não tem visitor específico
AVISO: Nó ArrayElementMethodCallNode não tem visitor específico
AVISO: Nó ArrayElementMethodCallNode não tem visitor específico
127.0.0.1 - - [01/Nov/2025 06:47:00] "POST /interpretar HTTP/1.1" 200 -
127.0.0.1 - - [01/Nov/2025 06:47:19] "OPTIONS /interpretar HTTP/1.1" 200 -
127.0.0.1 - - [01/Nov/2025 06:47:19] "POST /interpretar HTTP/1.1" 200 -
127.0.0.1 - - [01/Nov/2025 06:48:26] "OPTIONS /interpretar HTTP/1.1" 200 -
127.0.0.1 - - [01/Nov/2025 06:48:26] "POST /interpretar HTTP/1.1" 200 -
127.0.0.1 - - [01/Nov/2025 06:48:46] "OPTIONS /interpretar HTTP/1.1" 200 -
AVISO: Nó ArrayElementMethodCallNode não tem visitor específico
AVISO: Nó ArrayElementMethodCallNode não tem visitor específico
AVISO: Nó ArrayElementMethodCallNode não tem visitor específico
AVISO: Nó ArrayElementMethodCallNode não tem visitor específico
AVISO: Nó ArrayElementMethodCallNode não tem visitor específico
AVISO: Nó ArrayElementMethodCallNode não tem visitor específico
AVISO: Nó ArrayElementMethodCallNode não tem visitor específico
AVISO: Nó ArrayElementMethodCallNode não tem visitor específico
AVISO: Nó ArrayElementMethodCallNode não tem visitor específico
AVISO: Nó ArrayElementMethodCallNode não tem visitor específico
AVISO: Nó ArrayElementMethodCallNode não tem visitor específico
AVISO: Nó ArrayElementMethodCallNode não tem visitor específico
AVISO: Nó ArrayElementMethodCallNode não tem visitor específico
AVISO: Nó ArrayElementMethodCallNode não tem visitor específico
AVISO: Nó ArrayElementMethodCallNode não tem visitor específico
AVISO: Nó ArrayElementMethodCallNode não tem visitor específico
AVISO: Nó ArrayElementMethodCallNode não tem visitor específico
AVISO: Nó ArrayElementMethodCallNode não tem visitor específico
AVISO: Nó ConditionNode não tem visitor específico
AVISO: Nó ConditionNode não tem visitor específico
AVISO: Nó ConditionNode não tem visitor específico
AVISO: Nó NewExpressionNode não tem visitor específico
AVISO: Nó ArrayElementMethodCallNode não tem visitor específico
AVISO: Nó ArrayElementMethodCallNode não tem visitor específico
AVISO: Nó ArrayElementMethodCallNode não tem visitor específico
AVISO: Nó ArrayElementMethodCallNode não tem visitor específico
AVISO: Nó ArrayElementMethodCallNode não tem visitor específico
AVISO: Nó ArrayElementMethodCallNode não tem visitor específico
[TAC] Generated length=7587
AVISO: Nó ConditionNode não tem visitor específico
AVISO: Nó ConditionNode não tem visitor específico
AVISO: Nó ConditionNode não tem visitor específico
AVISO: Nó ConditionNode não tem visitor específico
AVISO: Nó ConditionNode não tem visitor específico
AVISO: Nó AttributeAssignmentNode não tem visitor específico
AVISO: Nó AttributeAssignmentNode não tem visitor específico
AVISO: Nó ConditionNode não tem visitor específico
AVISO: Nó ObjectAttributeArrayAssignmentNode não tem visitor específico
AVISO: Nó AttributeAssignmentNode não tem visitor específico
AVISO: Nó ConditionNode não tem visitor específico
AVISO: Nó ArrayAccessWithObjectNode não tem visitor específico
AVISO: Nó ConditionNode não tem visitor específico
AVISO: Nó ArrayAccessWithObjectNode não tem visitor específico
AVISO: Nó ConditionNode não tem visitor específico
AVISO: Nó ArrayAccessWithObjectNode não tem visitor específico
AVISO: Nó AttributeAssignmentNode não tem visitor específico
AVISO: Nó ArrayAccessWithObjectNode não tem visitor específico
AVISO: Nó ObjectAttributeArrayAssignmentNode não tem visitor específico
AVISO: Nó AttributeAssignmentNode não tem visitor específico
AVISO: Nó AttributeAssignmentNode não tem visitor específico
AVISO: Nó ConditionNode não tem visitor específico
AVISO: Nó ObjectAttributeArrayAssignmentNode não tem visitor específico
AVISO: Nó ArrayElementMethodCallNode não tem visitor específico
AVISO: Nó ObjectAttributeArrayAssignmentNode não tem visitor específico
AVISO: Nó ArrayElementMethodCallNode não tem visitor específico
AVISO: Nó ArrayElementMethodCallNode não tem visitor específico
AVISO: Nó ArrayElementMethodCallNode não tem visitor específico
AVISO: Nó ArrayElementMethodCallNode não tem visitor específico
AVISO: Nó ArrayElementMethodCallNode não tem visitor específico
AVISO: Nó ArrayElementMethodCallNode não tem visitor específico
AVISO: Nó ArrayElementMethodCallNode não tem visitor específico
AVISO: Nó ArrayElementMethodCallNode não tem visitor específico
AVISO: Nó ArrayElementMethodCallNode não tem visitor específico
AVISO: Nó ArrayElementMethodCallNode não tem visitor específico
AVISO: Nó ArrayElementMethodCallNode não tem visitor específico
AVISO: Nó ArrayElementMethodCallNode não tem visitor específico
AVISO: Nó ArrayElementMethodCallNode não tem visitor específico
AVISO: Nó ArrayElementMethodCallNode não tem visitor específico
AVISO: Nó ArrayElementMethodCallNode não tem visitor específico
AVISO: Nó ArrayElementMethodCallNode não tem visitor específico
AVISO: Nó ArrayElementMethodCallNode não tem visitor específico
AVISO: Nó ArrayElementMethodCallNode não tem visitor específico
AVISO: Nó ArrayElementMethodCallNode não tem visitor específico
AVISO: Nó ArrayElementMethodCallNode não tem visitor específico
AVISO: Nó ArrayElementMethodCallNode não tem visitor específico
AVISO: Nó ArrayElementMethodCallNode não tem visitor específico
AVISO: Nó ArrayElementMethodCallNode não tem visitor específico
AVISO: Nó ArrayElementMethodCallNode não tem visitor específico
AVISO: Nó ArrayElementMethodCallNode não tem visitor específico
AVISO: Nó ArrayElementMethodCallNode não tem visitor específico
AVISO: Nó ArrayElementMethodCallNode não tem visitor específico
AVISO: Nó ArrayElementMethodCallNode não tem visitor específico
AVISO: Nó ArrayElementMethodCallNode não tem visitor específico
AVISO: Nó ArrayElementMethodCallNode não tem visitor específico
AVISO: Nó ArrayElementMethodCallNode não tem visitor específico
AVISO: Nó ArrayElementMethodCallNode não tem visitor específico
AVISO: Nó ArrayElementMethodCallNode não tem visitor específico
AVISO: Nó ArrayElementMethodCallNode não tem visitor específico
AVISO: Nó ArrayElementMethodCallNode não tem visitor específico
AVISO: Nó ArrayElementMethodCallNode não tem visitor específico
AVISO: Nó ArrayElementMethodCallNode não tem visitor específico
AVISO: Nó ArrayElementMethodCallNode não tem visitor específico
AVISO: Nó ArrayElementMethodCallNode não tem visitor específico
AVISO: Nó ConditionNode não tem visitor específico
AVISO: Nó ConditionNode não tem visitor específico
AVISO: Nó ConditionNode não tem visitor específico
AVISO: Nó NewExpressionNode não tem visitor específico
AVISO: Nó ArrayElementMethodCallNode não tem visitor específico
AVISO: Nó ArrayElementMethodCallNode não tem visitor específico
AVISO: Nó ArrayElementMethodCallNode não tem visitor específico
AVISO: Nó ArrayElementMethodCallNode não tem visitor específico
AVISO: Nó ArrayElementMethodCallNode não tem visitor específico
AVISO: Nó ArrayElementMethodCallNode não tem visitor específico
[TAC] Generated length=7587
AVISO: Nó ConditionNode não tem visitor específico
AVISO: Nó ConditionNode não tem visitor específico
AVISO: Nó ConditionNode não tem visitor específico
[TAC] Generated length=2115
AVISO: Nó ConditionNode não tem visitor específico
AVISO: Nó ConditionNode não tem visitor específico
AVISO: Nó ConditionNode não tem visitor específico
AVISO: Nó ConditionNode não tem visitor específico
AVISO: Nó ConditionNode não tem visitor específico
AVISO: Nó ConditionNode não tem visitor específico
AVISO: Nó ConditionNode não tem visitor específico
AVISO: Nó ConditionNode não tem visitor específico
AVISO: Nó ConditionNode não tem visitor específico
AVISO: Nó AttributeAssignmentNode não tem visitor específico
AVISO: Nó AttributeAssignmentNode não tem visitor específico
AVISO: Nó AttributeAssignmentNode não tem visitor específico
AVISO: Nó ObjectAttributeArrayAssignmentNode não tem visitor específico
AVISO: Nó ArrayElementMethodCallNode não tem visitor específico
AVISO: Nó AttributeAssignmentNode não tem visitor específico
AVISO: Nó AttributeAssignmentNode não tem visitor específico
AVISO: Nó ObjectAttributeArrayAssignmentNode não tem visitor específico
AVISO: Nó AttributeAssignmentNode não tem visitor específico
AVISO: Nó ConditionNode não tem visitor específico
AVISO: Nó ConditionNode não tem visitor específico
AVISO: Nó ConditionNode não tem visitor específico
AVISO: Nó AttributeAssignmentNode não tem visitor específico
127.0.0.1 - - [01/Nov/2025 06:48:46] "POST /interpretar HTTP/1.1" 200 -
127.0.0.1 - - [01/Nov/2025 06:49:49] "OPTIONS /interpretar HTTP/1.1" 200 -
127.0.0.1 - - [01/Nov/2025 06:49:49] "POST /interpretar HTTP/1.1" 200 -
127.0.0.1 - - [01/Nov/2025 06:50:04] "OPTIONS /interpretar HTTP/1.1" 200 -
127.0.0.1 - - [01/Nov/2025 06:50:04] "POST /interpretar HTTP/1.1" 200 -
127.0.0.1 - - [01/Nov/2025 06:50:58] "POST /interpretar HTTP/1.1" 200 -
127.0.0.1 - - [01/Nov/2025 06:51:09] "OPTIONS /interpretar HTTP/1.1" 200 -
127.0.0.1 - - [01/Nov/2025 06:51:09] "POST /interpretar HTTP/1.1" 200 -
127.0.0.1 - - [01/Nov/2025 06:51:25] "OPTIONS /interpretar HTTP/1.1" 200 -
127.0.0.1 - - [01/Nov/2025 06:51:25] "POST /interpretar HTTP/1.1" 200 -
127.0.0.1 - - [01/Nov/2025 06:51:40] "OPTIONS /interpretar HTTP/1.1" 200 -
127.0.0.1 - - [01/Nov/2025 06:51:40] "POST /interpretar HTTP/1.1" 200 -
127.0.0.1 - - [01/Nov/2025 06:51:53] "OPTIONS /interpretar HTTP/1.1" 200 -
AVISO: Nó AttributeAssignmentNode não tem visitor específico
AVISO: Nó AttributeAssignmentNode não tem visitor específico
AVISO: Nó ConditionNode não tem visitor específico
AVISO: Nó ConditionNode não tem visitor específico
AVISO: Nó ObjectAttributeArrayAssignmentNode não tem visitor específico
AVISO: Nó ConditionNode não tem visitor específico
AVISO: Nó ObjectAttributeArrayAssignmentNode não tem visitor específico
AVISO: Nó ConditionNode não tem visitor específico
AVISO: Nó ConditionNode não tem visitor específico
AVISO: Nó ObjectAttributeArrayAssignmentNode não tem visitor específico
AVISO: Nó ConditionNode não tem visitor específico
AVISO: Nó ObjectAttributeArrayAssignmentNode não tem visitor específico
AVISO: Nó ConditionNode não tem visitor específico
AVISO: Nó ConditionNode não tem visitor específico
AVISO: Nó ArrayAccessWithObjectNode não tem visitor específico
AVISO: Nó ArrayAccessWithObjectNode não tem visitor específico
AVISO: Nó ConditionNode não tem visitor específico
AVISO: Nó ConditionNode não tem visitor específico
AVISO: Nó ArrayAccessWithObjectNode não tem visitor específico
AVISO: Nó ArrayAccessWithObjectNode não tem visitor específico
AVISO: Nó AttributeAssignmentNode não tem visitor específico
AVISO: Nó AttributeAssignmentNode não tem visitor específico
AVISO: Nó AttributeAssignmentNode não tem visitor específico
AVISO: Nó ObjectAttributeArrayAssignmentNode não tem visitor específico
AVISO: Nó ConditionNode não tem visitor específico
AVISO: Nó ObjectAttributeArrayAssignmentNode não tem visitor específico
AVISO: Nó AttributeAssignmentNode não tem visitor específico
AVISO: Nó AttributeAssignmentNode não tem visitor específico
AVISO: Nó ConditionNode não tem visitor específico
AVISO: Nó ConditionNode não tem visitor específico
AVISO: Nó ConditionNode não tem visitor específico
AVISO: Nó ConditionNode não tem visitor específico
AVISO: Nó ConditionNode não tem visitor específico
AVISO: Nó ArrayAccessWithObjectNode não tem visitor específico
AVISO: Nó ConditionNode não tem visitor específico
AVISO: Nó ConditionNode não tem visitor específico
AVISO: Nó ConditionNode não tem visitor específico
AVISO: Nó ConditionNode não tem visitor específico
AVISO: Nó ConditionNode não tem visitor específico
[TAC] Generated length=9486
AVISO: Nó ConditionNode não tem visitor específico
AVISO: Nó ConditionNode não tem visitor específico
AVISO: Nó ConditionNode não tem visitor específico
AVISO: Nó ConditionNode não tem visitor específico
AVISO: Nó ConditionNode não tem visitor específico
[TAC] Generated length=6064
AVISO: Nó ConditionNode não tem visitor específico
AVISO: Nó ConditionNode não tem visitor específico
AVISO: Nó ConditionNode não tem visitor específico
[TAC] Generated length=2115
AVISO: Nó ConditionNode não tem visitor específico
AVISO: Nó ConditionNode não tem visitor específico
AVISO: Nó ConditionNode não tem visitor específico
[TAC] Generated length=2115
AVISO: Nó ConditionNode não tem visitor específico
AVISO: Nó ConditionNode não tem visitor específico
AVISO: Nó ConditionNode não tem visitor específico
[TAC] Generated length=2115
AVISO: Nó ConditionNode não tem visitor específico
AVISO: Nó ConditionNode não tem visitor específico
AVISO: Nó ConditionNode não tem visitor específico
[TAC] Generated length=2115
AVISO: Nó ConditionNode não tem visitor específico
AVISO: Nó AttributeAssignmentNode não tem visitor específico
AVISO: Nó AttributeAssignmentNode não tem visitor específico
AVISO: Nó AttributeAssignmentNode não tem visitor específico
AVISO: Nó AttributeAssignmentNode não tem visitor específico
AVISO: Nó AttributeAssignmentNode não tem visitor específico
AVISO: Nó AttributeAssignmentNode não tem visitor específico
AVISO: Nó AttributeAssignmentNode não tem visitor específico
AVISO: Nó AttributeAssignmentNode não tem visitor específico
AVISO: Nó ConditionNode não tem visitor específico
AVISO: Nó AttributeAssignmentNode não tem visitor específico
AVISO: Nó AttributeAssignmentNode não tem visitor específico
AVISO: Nó ConditionNode não tem visitor específico
AVISO: Nó AttributeAssignmentNode não tem visitor específico
AVISO: Nó AttributeAssignmentNode não tem visitor específico
[TAC] Generated length=2588
AVISO: Nó ConditionNode não tem visitor específico
AVISO: Nó ConditionNode não tem visitor específico
AVISO: Nó ConditionNode não tem visitor específico
AVISO: Nó ConditionNode não tem visitor específico
AVISO: Nó ConditionNode não tem visitor específico
AVISO: Nó AttributeAssignmentNode não tem visitor específico
AVISO: Nó AttributeAssignmentNode não tem visitor específico
AVISO: Nó ConditionNode não tem visitor específico
AVISO: Nó ObjectAttributeArrayAssignmentNode não tem visitor específico
AVISO: Nó AttributeAssignmentNode não tem visitor específico
AVISO: Nó ConditionNode não tem visitor específico
AVISO: Nó ArrayAccessWithObjectNode não tem visitor específico
AVISO: Nó ConditionNode não tem visitor específico
AVISO: Nó ArrayAccessWithObjectNode não tem visitor específico
AVISO: Nó ConditionNode não tem visitor específico
AVISO: Nó ArrayAccessWithObjectNode não tem visitor específico
AVISO: Nó AttributeAssignmentNode não tem visitor específico
AVISO: Nó ArrayAccessWithObjectNode não tem visitor específico
AVISO: Nó ObjectAttributeArrayAssignmentNode não tem visitor específico
AVISO: Nó AttributeAssignmentNode não tem visitor específico
AVISO: Nó AttributeAssignmentNode não tem visitor específico
AVISO: Nó ConditionNode não tem visitor específico
AVISO: Nó ObjectAttributeArrayAssignmentNode não tem visitor específico
AVISO: Nó ArrayElementMethodCallNode não tem visitor específico
AVISO: Nó ObjectAttributeArrayAssignmentNode não tem visitor específico
AVISO: Nó ArrayElementMethodCallNode não tem visitor específico
AVISO: Nó ArrayElementMethodCallNode não tem visitor específico
AVISO: Nó ArrayElementMethodCallNode não tem visitor específico
AVISO: Nó ArrayElementMethodCallNode não tem visitor específico
AVISO: Nó ArrayElementMethodCallNode não tem visitor específico
AVISO: Nó ArrayElementMethodCallNode não tem visitor específico
AVISO: Nó ArrayElementMethodCallNode não tem visitor específico
AVISO: Nó ArrayElementMethodCallNode não tem visitor específico
AVISO: Nó ArrayElementMethodCallNode não tem visitor específico
AVISO: Nó ArrayElementMethodCallNode não tem visitor específico
AVISO: Nó ArrayElementMethodCallNode não tem visitor específico
AVISO: Nó ArrayElementMethodCallNode não tem visitor específico
AVISO: Nó ArrayElementMethodCallNode não tem visitor específico
AVISO: Nó ArrayElementMethodCallNode não tem visitor específico
AVISO: Nó ArrayElementMethodCallNode não tem visitor específico
AVISO: Nó ArrayElementMethodCallNode não tem visitor específico
AVISO: Nó ArrayElementMethodCallNode não tem visitor específico
AVISO: Nó ArrayElementMethodCallNode não tem visitor específico
AVISO: Nó ArrayElementMethodCallNode não tem visitor específico
AVISO: Nó ArrayElementMethodCallNode não tem visitor específico
AVISO: Nó ArrayElementMethodCallNode não tem visitor específico
AVISO: Nó ArrayElementMethodCallNode não tem visitor específico
AVISO: Nó ArrayElementMethodCallNode não tem visitor específico
AVISO: Nó ArrayElementMethodCallNode não tem visitor específico
AVISO: Nó ArrayElementMethodCallNode não tem visitor específico
AVISO: Nó ArrayElementMethodCallNode não tem visitor específico
AVISO: Nó ArrayElementMethodCallNode não tem visitor específico
AVISO: Nó ArrayElementMethodCallNode não tem visitor específico
AVISO: Nó ArrayElementMethodCallNode não tem visitor específico
AVISO: Nó ArrayElementMethodCallNode não tem visitor específico
AVISO: Nó ArrayElementMethodCallNode não tem visitor específico
AVISO: Nó ArrayElementMethodCallNode não tem visitor específico
AVISO: Nó ArrayElementMethodCallNode não tem visitor específico
127.0.0.1 - - [01/Nov/2025 06:51:53] "POST /interpretar HTTP/1.1" 200 -
127.0.0.1 - - [01/Nov/2025 06:52:11] "OPTIONS /interpretar HTTP/1.1" 200 -
127.0.0.1 - - [01/Nov/2025 06:52:11] "POST /interpretar HTTP/1.1" 200 -
127.0.0.1 - - [01/Nov/2025 06:52:22] "OPTIONS /interpretar HTTP/1.1" 200 -
127.0.0.1 - - [01/Nov/2025 06:52:22] "POST /interpretar HTTP/1.1" 200 -
127.0.0.1 - - [01/Nov/2025 06:52:28] "OPTIONS /interpretar/input HTTP/1.1" 200 -
127.0.0.1 - - [01/Nov/2025 06:52:28] "POST /interpretar/input HTTP/1.1" 200 -
